2017-08-03 08:31:37,607 httpd INFO: request: {'json_data': [{'path': '/sms/mt', 'domain': 'shdr.etonenet.com', 'type': 'http', 'port': '443'}]}
2017-08-03 08:31:38,168 httpd INFO: response:{u'lantency': u'0.121', u'domain': 'shdr.etonenet.com'}
2017-08-03 08:31:48,194 httpd INFO: request: {'json_data': [{'path': '/sms/rt', 'domain': 'shdr.etonenet.com', 'type': 'http', 'port': '443'}]}
2017-08-03 08:31:48,357 httpd INFO: response:{u'lantency': u'0', u'domain': 'shdr.etonenet.com'}
2017-08-03 08:31:56,040 httpd INFO: request: {'json_data': [{'path': '/sms/rt', 'domain': 'shdr.etonenet.com', 'type': 'http', 'port': '443'}]}
2017-08-03 08:31:56,191 httpd INFO: response:{u'lantency': u'0', u'domain': 'shdr.etonenet.com'}
2017-08-03 09:26:35,261 httpd INFO: request: {'json_data': [{'path': '/sms/mt', 'domain': 'shdr.etonenet.com', 'type': 'http', 'port': '443'}]}
2017-08-03 09:26:35,840 httpd INFO: response:{u'lantency': u'0.115', u'domain': 'shdr.etonenet.com'}
2017-08-03 10:09:03,669 httpd INFO: request: {'json_data': [{'path': '/sms/mt', 'domain': 'shdr.etonenet.com', 'type': 'http', 'port': '443'}]}
2017-08-03 10:09:04,409 httpd INFO: response:{u'lantency': u'0.116', u'domain': 'shdr.etonenet.com'}
2017-08-03 10:12:41,443 httpd INFO: request: {'json_data': [{'path': '/sms/mt', 'domain': 'shdr.etonenet.com', 'type': 'http', 'port': '443'}]}
2017-08-03 10:12:41,736 httpd INFO: response:{u'lantency': u'0.133', u'domain': 'shdr.etonenet.com'}
2017-08-03 10:12:47,142 httpd INFO: request: {'json_data': [{'path': '/sms/mt', 'domain': 'shdr.etonenet.com', 'type': 'http', 'port': '444'}]}
2017-08-03 10:12:47,159 httpd INFO: response:{u'lantency': u'0', u'domain': 'shdr.etonenet.com'}
2017-08-03 10:13:03,148 httpd INFO: request: {'json_data': [{'path': '/sms/mt', 'domain': 'shdr.etonenet.com', 'type': 'http', 'port': '443'}]}
2017-08-03 10:13:03,418 httpd INFO: response:{u'lantency': u'0.117', u'domain': 'shdr.etonenet.com'}
2017-08-03 10:13:06,676 httpd INFO: request: {'json_data': [{'path': '/sms/mt', 'domain': 'shdr.etonenet.com', 'type': 'http', 'port': '443'}]}
2017-08-03 10:13:06,960 httpd INFO: response:{u'lantency': u'0.129', u'domain': 'shdr.etonenet.com'}
2017-08-03 10:13:10,336 httpd INFO: request: {'json_data': [{'path': '/sms/mt', 'domain': 'shdr.etonenet.com', 'type': 'http', 'port': '443'}]}
2017-08-03 10:13:10,588 httpd INFO: response:{u'lantency': u'0.115', u'domain': 'shdr.etonenet.com'}
2017-08-03 10:13:13,369 httpd INFO: request: {'json_data': [{'path': '/sms/mt', 'domain': 'shdr.etonenet.com', 'type': 'http', 'port': '443'}]}
2017-08-03 10:13:13,620 httpd INFO: response:{u'lantency': u'0.112', u'domain': 'shdr.etonenet.com'}
2017-08-03 10:14:20,596 httpd INFO: request: {'json_data': [{'path': '/sms/mt', 'domain': 'shdr.etonenet.com', 'type': 'http', 'port': '443'}]}
2017-08-03 10:14:20,891 httpd INFO: response:{u'lantency': u'0.134', u'domain': 'shdr.etonenet.com'}
2017-08-03 13:21:21,901 httpd INFO: request: {'json_data': [{'path': '/sms/mt', 'domain': 'shdr.etonenet.com', 'type': 'http', 'port': '443'}]}
2017-08-03 13:21:22,475 httpd INFO: response:{u'lantency': u'0.121', u'domain': 'shdr.etonenet.com'}
2017-08-03 13:21:25,234 httpd INFO: request: {'json_data': [{'path': '/sms/mt', 'domain': 'shdr.etonenet.com', 'type': 'http', 'port': '443'}]}
2017-08-03 13:21:25,485 httpd INFO: response:{u'lantency': u'0.114', u'domain': 'shdr.etonenet.com'}
2017-08-03 13:21:42,686 httpd INFO: request: {'json_data': [{'path': '/smt/mt', 'domain': 'shdr.etonenet.com', 'type': 'http', 'port': '443'}]}
2017-08-03 13:21:42,836 httpd INFO: response:{u'lantency': u'0', u'domain': 'shdr.etonenet.com'}
2017-08-03 13:21:54,898 httpd INFO: request: {'json_data': [{'path': '/sms/mt', 'domain': 'shdr.etonenet.com', 'type': 'http', 'port': '443'}]}
2017-08-03 13:21:55,165 httpd INFO: response:{u'lantency': u'0.113', u'domain': 'shdr.etonenet.com'}
